  TestGrapheGeneral.cpp
C:\dev\projects\Voronoï\Graphe.h(235,1): error C2664: 'PElement<Sommet<T>>::PElement(PElement<Sommet<T>> *,Sommet<T> *)' : impossible de convertir l'argument 1 de 'Sommet<T> *' en 'PElement<Sommet<T>> *'
          with
          [
              T=std::string
          ]
C:\dev\projects\Voronoï\Graphe.h(235,39): message : Les types pointés n'ont aucun rapport entre eux ; conversion nécessitant reinterpret_cast, cast de style C ou cast de style fonction
C:\dev\projects\Voronoï\PElement.h(13,2): message : voir la déclaration de 'PElement<Sommet<T>>::PElement'
          with
          [
              T=std::string
          ]
C:\dev\projects\Voronoï\Graphe.h(233): message : pendant la compilation de la fonction membre classe modèle 'Sommet<T> *Graphe<char,T>::creeSommet1(const int,const T &)'
          with
          [
              T=std::string
          ]
C:\dev\projects\Voronoï\Graphe.h(81): message : voir la référence à l'instanciation de la fonction modèle 'Sommet<T> *Graphe<char,T>::creeSommet1(const int,const T &)' en cours de compilation
          with
          [
              T=std::string
          ]
C:\dev\projects\Voronoï\TestGrapheGeneral.cpp(20): message : voir la référence à l'instanciation classe modèle 'Graphe<char,std::string>' en cours de compilation
C:\dev\projects\Voronoï\Graphe.h(258,1): error C2664: 'PElement<Arete<S,T>>::PElement(PElement<Arete<S,T>> *,Arete<S,T> *)' : impossible de convertir l'argument 1 de 'Arete<S,T> *' en 'PElement<Arete<S,T>> *'
          with
          [
              S=char,
              T=std::string
          ]
C:\dev\projects\Voronoï\Graphe.h(258,40): message : Les types pointés n'ont aucun rapport entre eux ; conversion nécessitant reinterpret_cast, cast de style C ou cast de style fonction
C:\dev\projects\Voronoï\PElement.h(13,2): message : voir la déclaration de 'PElement<Arete<S,T>>::PElement'
          with
          [
              S=char,
              T=std::string
          ]
C:\dev\projects\Voronoï\Graphe.h(250): message : pendant la compilation de la fonction membre classe modèle 'Arete<S,T> *Graphe<S,T>::creeArete1(const int,const S &,Sommet<T> *,Sommet<T> *)'
          with
          [
              S=char,
              T=std::string
          ]
C:\dev\projects\Voronoï\Graphe.h(123): message : voir la référence à l'instanciation de la fonction modèle 'Arete<S,T> *Graphe<S,T>::creeArete1(const int,const S &,Sommet<T> *,Sommet<T> *)' en cours de compilation
          with
          [
              S=char,
              T=std::string
          ]
C:\dev\projects\Voronoï\Graphe.h(307,42): error C2039: 's' n'est pas membre de 'PElement<Sommet<T>>'
          with
          [
              T=std::string
          ]
C:\dev\projects\Voronoï\Graphe.h(40): message : voir la déclaration de 'PElement<Sommet<T>>'
          with
          [
              T=std::string
          ]
C:\dev\projects\Voronoï\Graphe.h(302): message : pendant la compilation de la fonction membre classe modèle 'void Graphe<char,std::string>::copie(const Graphe<char,std::string> &)'
C:\dev\projects\Voronoï\Graphe.h(150): message : voir la référence à l'instanciation de la fonction modèle 'void Graphe<char,std::string>::copie(const Graphe<char,std::string> &)' en cours de compilation
C:\dev\projects\Voronoï\Graphe.h(309,33): error C2039: 'v' n'est pas membre de 'PElement<Sommet<T>>'
          with
          [
              T=std::string
          ]
C:\dev\projects\Voronoï\Graphe.h(40): message : voir la déclaration de 'PElement<Sommet<T>>'
          with
          [
              T=std::string
          ]
C:\dev\projects\Voronoï\Graphe.h(320,41): error C2039: 's' n'est pas membre de 'PElement<Arete<S,T>>'
          with
          [
              S=char,
              T=std::string
          ]
C:\dev\projects\Voronoï\Graphe.h(41): message : voir la déclaration de 'PElement<Arete<S,T>>'
          with
          [
              S=char,
              T=std::string
          ]
C:\dev\projects\Voronoï\Graphe.h(322,30): error C2039: 'v' n'est pas membre de 'PElement<Arete<S,T>>'
          with
          [
              S=char,
              T=std::string
          ]
C:\dev\projects\Voronoï\Graphe.h(41): message : voir la déclaration de 'PElement<Arete<S,T>>'
          with
          [
              S=char,
              T=std::string
          ]
C:\dev\projects\Voronoï\Graphe.h(329,10): error C2039: 'v' n'est pas membre de 'PElement<Sommet<T>>'
          with
          [
              T=std::string
          ]
C:\dev\projects\Voronoï\Graphe.h(40): message : voir la déclaration de 'PElement<Sommet<T>>'
          with
          [
              T=std::string
          ]
C:\dev\projects\Voronoï\Graphe.h(334,10): error C2039: 'v' n'est pas membre de 'PElement<Sommet<T>>'
          with
          [
              T=std::string
          ]
C:\dev\projects\Voronoï\Graphe.h(40): message : voir la déclaration de 'PElement<Sommet<T>>'
          with
          [
              T=std::string
          ]
C:\dev\projects\Voronoï\Graphe.h(424,37): error C2039: 's' n'est pas membre de 'PElement<std::pair<Sommet<T> *,Arete<S,T> *>>'
          with
          [
              T=std::string,
              S=char
          ]
C:\dev\projects\Voronoï\Graphe.h(169): message : voir la déclaration de 'PElement<std::pair<Sommet<T> *,Arete<S,T> *>>'
          with
          [
              T=std::string,
              S=char
          ]
C:\dev\projects\Voronoï\Graphe.h(418): message : pendant la compilation de la fonction membre classe modèle 'PElement<Arete<S,T>> *Graphe<S,T>::aretesAdjacentes(const Sommet<T> *) const'
          with
          [
              S=char,
              T=std::string
          ]
C:\dev\projects\Voronoï\TestGrapheGeneral.cpp(53): message : voir la référence à l'instanciation de la fonction modèle 'PElement<Arete<S,T>> *Graphe<S,T>::aretesAdjacentes(const Sommet<T> *) const' en cours de compilation
          with
          [
              S=char,
              T=std::string
          ]
C:\dev\projects\Voronoï\Graphe.h(425,38): error C2039: 'v' n'est pas membre de 'PElement<std::pair<Sommet<T> *,Arete<S,T> *>>'
          with
          [
              T=std::string,
              S=char
          ]
C:\dev\projects\Voronoï\Graphe.h(169): message : voir la déclaration de 'PElement<std::pair<Sommet<T> *,Arete<S,T> *>>'
          with
          [
              T=std::string,
              S=char
          ]
C:\dev\projects\Voronoï\Graphe.h(425,1): error C2664: 'PElement<Arete<S,T>>::PElement(const PElement<Arete<S,T>> &)' : impossible de convertir l'argument 1 de 'PElement<Arete<S,T>> *' en 'const PElement<Arete<S,T>> &'
          with
          [
              S=char,
              T=std::string
          ]
C:\dev\projects\Voronoï\Graphe.h(425,1): message : Raison : impossible de convertir de 'PElement<Arete<S,T>> *' en 'const PElement<Arete<S,T>>'
          with
          [
              S=char,
              T=std::string
          ]
C:\dev\projects\Voronoï\Graphe.h(425,1): message : Aucun constructeur n'a pu prendre le type de source, ou la résolution de la surcharge du constructeur était ambiguë
C:\dev\projects\Voronoï\PElement.h(32,1): message : voir la déclaration de 'PElement<Arete<S,T>>::PElement'
          with
          [
              S=char,
              T=std::string
          ]
C:\dev\projects\Voronoï\Graphe.h(440,37): error C2039: 's' n'est pas membre de 'PElement<std::pair<Sommet<T> *,Arete<S,T> *>>'
          with
          [
              T=std::string,
              S=char
          ]
C:\dev\projects\Voronoï\Graphe.h(169): message : voir la déclaration de 'PElement<std::pair<Sommet<T> *,Arete<S,T> *>>'
          with
          [
              T=std::string,
              S=char
          ]
C:\dev\projects\Voronoï\Graphe.h(434): message : pendant la compilation de la fonction membre classe modèle 'PElement<Sommet<T>> *Graphe<char,T>::voisins(const Sommet<T> *) const'
          with
          [
              T=std::string
          ]
C:\dev\projects\Voronoï\TestGrapheGeneral.cpp(50): message : voir la référence à l'instanciation de la fonction modèle 'PElement<Sommet<T>> *Graphe<char,T>::voisins(const Sommet<T> *) const' en cours de compilation
          with
          [
              T=std::string
          ]
C:\dev\projects\Voronoï\Graphe.h(441,36): error C2039: 'v' n'est pas membre de 'PElement<std::pair<Sommet<T> *,Arete<S,T> *>>'
          with
          [
              T=std::string,
              S=char
          ]
C:\dev\projects\Voronoï\Graphe.h(169): message : voir la déclaration de 'PElement<std::pair<Sommet<T> *,Arete<S,T> *>>'
          with
          [
              T=std::string,
              S=char
          ]
C:\dev\projects\Voronoï\Graphe.h(441,1): error C2664: 'PElement<Sommet<T>>::PElement(const PElement<Sommet<T>> &)' : impossible de convertir l'argument 1 de 'PElement<Sommet<T>> *' en 'const PElement<Sommet<T>> &'
          with
          [
              T=std::string
          ]
C:\dev\projects\Voronoï\Graphe.h(441,1): message : Raison : impossible de convertir de 'PElement<Sommet<T>> *' en 'const PElement<Sommet<T>>'
          with
          [
              T=std::string
          ]
C:\dev\projects\Voronoï\Graphe.h(441,1): message : Aucun constructeur n'a pu prendre le type de source, ou la résolution de la surcharge du constructeur était ambiguë
C:\dev\projects\Voronoï\PElement.h(32,1): message : voir la déclaration de 'PElement<Sommet<T>>::PElement'
          with
          [
              T=std::string
          ]
C:\dev\projects\Voronoï\Graphe.h(460,36): error C2039: 's' n'est pas membre de 'PElement<Arete<S,T>>'
          with
          [
              S=char,
              T=std::string
          ]
C:\dev\projects\Voronoï\Graphe.h(41): message : voir la déclaration de 'PElement<Arete<S,T>>'
          with
          [
              S=char,
              T=std::string
          ]
C:\dev\projects\Voronoï\Graphe.h(457): message : pendant la compilation de la fonction membre classe modèle 'Arete<S,T> *Graphe<S,T>::getAreteParSommets(const Sommet<T> *,const Sommet<T> *) const'
          with
          [
              S=char,
              T=std::string
          ]
C:\dev\projects\Voronoï\TestGrapheGeneral.cpp(62): message : voir la référence à l'instanciation de la fonction modèle 'Arete<S,T> *Graphe<S,T>::getAreteParSommets(const Sommet<T> *,const Sommet<T> *) const' en cours de compilation
          with
          [
              S=char,
              T=std::string
          ]
C:\dev\projects\Voronoï\Graphe.h(461,10): error C2039: 'v' n'est pas membre de 'PElement<Arete<S,T>>'
          with
          [
              S=char,
              T=std::string
          ]
C:\dev\projects\Voronoï\Graphe.h(41): message : voir la déclaration de 'PElement<Arete<S,T>>'
          with
          [
              S=char,
              T=std::string
          ]
C:\dev\projects\Voronoï\Graphe.h(462,14): error C2039: 'v' n'est pas membre de 'PElement<Arete<S,T>>'
          with
          [
              S=char,
              T=std::string
          ]
C:\dev\projects\Voronoï\Graphe.h(41): message : voir la déclaration de 'PElement<Arete<S,T>>'
          with
          [
              S=char,
              T=std::string
          ]
